19:56:06.372 core.js:3121 Angular is running in the development mode. Call enableProdMode() to enable the production mode.
19:56:06.392 news-search.service.ts:38 ​NewsSearchService:: testHNAlgoliaSearch() -> httpSearchParams HttpParams {updates: Array(1), cloneFrom: HttpParams, encoder: HttpUrlEncodingCodec, map: null}
19:56:06.400 news-search.service.ts:45 ​NewsSearchService:: testHNAlgoliaSearch() -> newsObservable Observable {_isScalar: false, source: Observable, operator: MapOperator}
19:56:06.455 zone.js:2969 XHR finished loading: GET "http://hn.algolia.com/api/v1/search?query=Deep%20Learning".
scheduleTask @ zone.js:2969
push../node_modules/zone.js/dist/zone.js.ZoneDelegate.scheduleTask @ zone.js:407
onScheduleTask @ zone.js:297
push../node_modules/zone.js/dist/zone.js.ZoneDelegate.scheduleTask @ zone.js:401
push../node_modules/zone.js/dist/zone.js.Zone.scheduleTask @ zone.js:232
push../node_modules/zone.js/dist/zone.js.Zone.scheduleMacroTask @ zone.js:255
scheduleMacroTaskWithCurrentZone @ zone.js:1114
(anonymous) @ zone.js:3001
proto.(anonymous function) @ zone.js:1394
(anonymous) @ http.js:1629
push../node_modules/rxjs/_esm5/internal/Observable.js.Observable._trySubscribe @ Observable.js:43
push../node_modules/rxjs/_esm5/internal/Observable.js.Observable.subscribe @ Observable.js:29
(anonymous) @ subscribeTo.js:21
subscribeToResult @ subscribeToResult.js:11
push../node_modules/rxjs/_esm5/internal/operators/mergeMap.js.MergeMapSubscriber._innerSub @ mergeMap.js:74
push../node_modules/rxjs/_esm5/internal/operators/mergeMap.js.MergeMapSubscriber._tryNext @ mergeMap.js:68
push../node_modules/rxjs/_esm5/internal/operators/mergeMap.js.MergeMapSubscriber._next @ mergeMap.js:51
push../node_modules/rxjs/_esm5/internal/Subscriber.js.Subscriber.next @ Subscriber.js:54
(anonymous) @ scalar.js:5
push../node_modules/rxjs/_esm5/internal/Observable.js.Observable._trySubscribe @ Observable.js:43
push../node_modules/rxjs/_esm5/internal/Observable.js.Observable.subscribe @ Observable.js:29
push../node_modules/rxjs/_esm5/internal/operators/mergeMap.js.MergeMapOperator.call @ mergeMap.js:29
push../node_modules/rxjs/_esm5/internal/Observable.js.Observable.subscribe @ Observable.js:24
push../node_modules/rxjs/_esm5/internal/operators/filter.js.FilterOperator.call @ filter.js:15
push../node_modules/rxjs/_esm5/internal/Observable.js.Observable.subscribe @ Observable.js:24
push../node_modules/rxjs/_esm5/internal/operators/map.js.MapOperator.call @ map.js:18
push../node_modules/rxjs/_esm5/internal/Observable.js.Observable.subscribe @ Observable.js:24
push../src/app/services/news-search.service.ts.NewsSearchService.testHNAlgoliaSearch @ news-search.service.ts:47
NewsSearchService @ news-search.service.ts:21
(anonymous) @ core.js:1491
_callFactory @ core.js:8431
_createProviderInstance @ core.js:8389
resolveNgModuleDep @ core.js:8364
push../node_modules/@angular/core/fesm5/core.js.NgModuleRef_.get @ core.js:9057
resolveDep @ core.js:9422
createClass @ core.js:9294
createDirectiveInstance @ core.js:9179
createViewNodes @ core.js:10399
createRootView @ core.js:10313
callWithDebugContext @ core.js:11344
debugCreateRootView @ core.js:10831
push../node_modules/@angular/core/fesm5/core.js.ComponentFactory_.create @ core.js:8659
push../node_modules/@angular/core/fesm5/core.js.ComponentFactoryBoundToModule.create @ core.js:3311
push../node_modules/@angular/core/fesm5/core.js.ViewContainerRef_.createComponent @ core.js:8769
push../node_modules/@angular/router/fesm5/router.js.RouterOutlet.activateWith @ router.js:4785
push../node_modules/@angular/router/fesm5/router.js.ActivateRoutes.activateRoutes @ router.js:4070
(anonymous) @ router.js:4021
push../node_modules/@angular/router/fesm5/router.js.ActivateRoutes.activateChildRoutes @ router.js:4020
push../node_modules/@angular/router/fesm5/router.js.ActivateRoutes.activate @ router.js:3945
(anonymous) @ router.js:3875
(anonymous) @ Observable.js:65
push../node_modules/rxjs/_esm5/internal/Subscriber.js.SafeSubscriber.__tryOrUnsub @ Subscriber.js:196
push../node_modules/rxjs/_esm5/internal/Subscriber.js.SafeSubscriber.next @ Subscriber.js:134
push../node_modules/rxjs/_esm5/internal/Subscriber.js.Subscriber._next @ Subscriber.js:77
push../node_modules/rxjs/_esm5/internal/Subscriber.js.Subscriber.next @ Subscriber.js:54
push../node_modules/rxjs/_esm5/internal/operators/map.js.MapSubscriber._next @ map.js:41
push../node_modules/rxjs/_esm5/internal/Subscriber.js.Subscriber.next @ Subscriber.js:54
push../node_modules/rxjs/_esm5/internal/operators/mergeMap.js.MergeMapSubscriber.notifyNext @ mergeMap.js:84
push../node_modules/rxjs/_esm5/internal/InnerSubscriber.js.InnerSubscriber._next @ InnerSubscriber.js:15
push../node_modules/rxjs/_esm5/internal/Subscriber.js.Subscriber.next @ Subscriber.js:54
push../node_modules/rxjs/_esm5/internal/operators/map.js.MapSubscriber._next @ map.js:41
push../node_modules/rxjs/_esm5/internal/Subscriber.js.Subscriber.next @ Subscriber.js:54
(anonymous) @ scalar.js:5
push../node_modules/rxjs/_esm5/internal/Observable.js.Observable._trySubscribe @ Observable.js:43
push../node_modules/rxjs/_esm5/internal/Observable.js.Observable.subscribe @ Observable.js:29
push../node_modules/rxjs/_esm5/internal/operators/map.js.MapOperator.call @ map.js:18
push../node_modules/rxjs/_esm5/internal/Observable.js.Observable.subscribe @ Observable.js:24
(anonymous) @ subscribeTo.js:21
subscribeToResult @ subscribeToResult.js:11
push../node_modules/rxjs/_esm5/internal/operators/mergeMap.js.MergeMapSubscriber._innerSub @ mergeMap.js:74
push../node_modules/rxjs/_esm5/internal/operators/mergeMap.js.MergeMapSubscriber._tryNext @ mergeMap.js:68
push../node_modules/rxjs/_esm5/internal/operators/mergeMap.js.MergeMapSubscriber._next @ mergeMap.js:51
push../node_modules/rxjs/_esm5/internal/Subscriber.js.Subscriber.next @ Subscriber.js:54
push../node_modules/rxjs/_esm5/internal/operators/mergeMap.js.MergeMapSubscriber.notifyNext @ mergeMap.js:84
push../node_modules/rxjs/_esm5/internal/InnerSubscriber.js.InnerSubscriber._next @ InnerSubscriber.js:15
push../node_modules/rxjs/_esm5/internal/Subscriber.js.Subscriber.next @ Subscriber.js:54
push../node_modules/rxjs/_esm5/internal/operators/map.js.MapSubscriber._next @ map.js:41
push../node_modules/rxjs/_esm5/internal/Subscriber.js.Subscriber.next @ Subscriber.js:54
push../node_modules/rxjs/_esm5/internal/operators/takeLast.js.TakeLastSubscriber._complete @ takeLast.js:57
push../node_modules/rxjs/_esm5/internal/Subscriber.js.Subscriber.complete @ Subscriber.js:66
push../node_modules/rxjs/_esm5/internal/Subscriber.js.Subscriber._complete @ Subscriber.js:84
push../node_modules/rxjs/_esm5/internal/Subscriber.js.Subscriber.complete @ Subscriber.js:66
push../node_modules/rxjs/_esm5/internal/operators/mergeMap.js.MergeMapSubscriber._complete @ mergeMap.js:79
push../node_modules/rxjs/_esm5/internal/Subscriber.js.Subscriber.complete @ Subscriber.js:66
(anonymous) @ subscribeToArray.js:8
push../node_modules/rxjs/_esm5/internal/Observable.js.Observable._trySubscribe @ Observable.js:43
push../node_modules/rxjs/_esm5/internal/Observable.js.Observable.subscribe @ Observable.js:29
push../node_modules/rxjs/_esm5/internal/operators/mergeMap.js.MergeMapOperator.call @ mergeMap.js:29
push../node_modules/rxjs/_esm5/internal/Observable.js.Observable.subscribe @ Observable.js:24
push../node_modules/rxjs/_esm5/internal/operators/scan.js.ScanOperator.call @ scan.js:23
push../node_modules/rxjs/_esm5/internal/Observable.js.Observable.subscribe @ Observable.js:24
push../node_modules/rxjs/_esm5/internal/operators/takeLast.js.TakeLastOperator.call @ takeLast.js:24
push../node_modules/rxjs/_esm5/internal/Observable.js.Observable.subscribe @ Observable.js:24
push../node_modules/rxjs/_esm5/internal/operators/map.js.MapOperator.call @ map.js:18
push../node_modules/rxjs/_esm5/internal/Observable.js.Observable.subscribe @ Observable.js:24
(anonymous) @ subscribeTo.js:21
subscribeToResult @ subscribeToResult.js:11
push../node_modules/rxjs/_esm5/internal/operators/mergeMap.js.MergeMapSubscriber._innerSub @ mergeMap.js:74
push../node_modules/rxjs/_esm5/internal/operators/mergeMap.js.MergeMapSubscriber._tryNext @ mergeMap.js:68
push../node_modules/rxjs/_esm5/internal/operators/mergeMap.js.MergeMapSubscriber._next @ mergeMap.js:51
push../node_modules/rxjs/_esm5/internal/Subscriber.js.Subscriber.next @ Subscriber.js:54
push../node_modules/rxjs/_esm5/internal/operators/mergeMap.js.MergeMapSubscriber.notifyNext @ mergeMap.js:84
push../node_modules/rxjs/_esm5/internal/InnerSubscriber.js.InnerSubscriber._next @ InnerSubscriber.js:15
push../node_modules/rxjs/_esm5/internal/Subscriber.js.Subscriber.next @ Subscriber.js:54
push../node_modules/rxjs/_esm5/internal/operators/map.js.MapSubscriber._next @ map.js:41
push../node_modules/rxjs/_esm5/internal/Subscriber.js.Subscriber.next @ Subscriber.js:54
push../node_modules/rxjs/_esm5/internal/operators/mergeMap.js.MergeMapSubscriber.notifyNext @ mergeMap.js:84
push../node_modules/rxjs/_esm5/internal/InnerSubscriber.js.InnerSubscriber._next @ InnerSubscriber.js:15
push../node_modules/rxjs/_esm5/internal/Subscriber.js.Subscriber.next @ Subscriber.js:54
push../node_modules/rxjs/_esm5/internal/operators/every.js.EverySubscriber.notifyComplete @ every.js:30
push../node_modules/rxjs/_esm5/internal/operators/every.js.EverySubscriber._complete @ every.js:47
push../node_modules/rxjs/_esm5/internal/Subscriber.js.Subscriber.complete @ Subscriber.js:66
push../node_modules/rxjs/_esm5/internal/operators/mergeMap.js.MergeMapSubscriber._complete @ mergeMap.js:79
push../node_modules/rxjs/_esm5/internal/Subscriber.js.Subscriber.complete @ Subscriber.js:66
(anonymous) @ subscribeToArray.js:8
push../node_modules/rxjs/_esm5/internal/Observable.js.Observable._trySubscribe @ Observable.js:43
push../node_modules/rxjs/_esm5/internal/Observable.js.Observable.subscribe @ Observable.js:29
push../node_modules/rxjs/_esm5/internal/operators/mergeMap.js.MergeMapOperator.call @ mergeMap.js:29
push../node_modules/rxjs/_esm5/internal/Observable.js.Observable.subscribe @ Observable.js:24
push../node_modules/rxjs/_esm5/internal/operators/every.js.EveryOperator.call @ every.js:14
push../node_modules/rxjs/_esm5/internal/Observable.js.Observable.subscribe @ Observable.js:24
(anonymous) @ subscribeTo.js:21
subscribeToResult @ subscribeToResult.js:11
push../node_modules/rxjs/_esm5/internal/operators/mergeMap.js.MergeMapSubscriber._innerSub @ mergeMap.js:74
push../node_modules/rxjs/_esm5/internal/operators/mergeMap.js.MergeMapSubscriber._tryNext @ mergeMap.js:68
push../node_modules/rxjs/_esm5/internal/operators/mergeMap.js.MergeMapSubscriber._next @ mergeMap.js:51
push../node_modules/rxjs/_esm5/internal/Subscriber.js.Subscriber.next @ Subscriber.js:54
push../node_modules/rxjs/_esm5/internal/operators/every.js.EverySubscriber.notifyComplete @ every.js:30
push../node_modules/rxjs/_esm5/internal/operators/every.js.EverySubscriber._complete @ every.js:47
push../node_modules/rxjs/_esm5/internal/Subscriber.js.Subscriber.complete @ Subscriber.js:66
push../node_modules/rxjs/_esm5/internal/operators/mergeMap.js.MergeMapSubscriber._complete @ mergeMap.js:79
push../node_modules/rxjs/_esm5/internal/Subscriber.js.Subscriber.complete @ Subscriber.js:66
(anonymous) @ subscribeToArray.js:8
push../node_modules/rxjs/_esm5/internal/Observable.js.Observable._trySubscribe @ Observable.js:43
push../node_modules/rxjs/_esm5/internal/Observable.js.Observable.subscribe @ Observable.js:29
push../node_modules/rxjs/_esm5/internal/operators/mergeMap.js.MergeMapOperator.call @ mergeMap.js:29
push../node_modules/rxjs/_esm5/internal/Observable.js.Observable.subscribe @ Observable.js:24
push../node_modules/rxjs/_esm5/internal/operators/every.js.EveryOperator.call @ every.js:14
push../node_modules/rxjs/_esm5/internal/Observable.js.Observable.subscribe @ Observable.js:24
push../node_modules/rxjs/_esm5/internal/operators/mergeMap.js.MergeMapOperator.call @ mergeMap.js:29
push../node_modules/rxjs/_esm5/internal/Observable.js.Observable.subscribe @ Observable.js:24
push../node_modules/rxjs/_esm5/internal/operators/map.js.MapOperator.call @ map.js:18
push../node_modules/rxjs/_esm5/internal/Observable.js.Observable.subscribe @ Observable.js:24
(anonymous) @ subscribeTo.js:21
subscribeToResult @ subscribeToResult.js:11
push../node_modules/rxjs/_esm5/internal/operators/mergeMap.js.MergeMapSubscriber._innerSub @ mergeMap.js:74
push../node_modules/rxjs/_esm5/internal/operators/mergeMap.js.MergeMapSubscriber._tryNext @ mergeMap.js:68
push../node_modules/rxjs/_esm5/internal/operators/mergeMap.js.MergeMapSubscriber._next @ mergeMap.js:51
push../node_modules/rxjs/_esm5/internal/Subscriber.js.Subscriber.next @ Subscriber.js:54
push../node_modules/rxjs/_esm5/internal/operators/map.js.MapSubscriber._next @ map.js:41
push../node_modules/rxjs/_esm5/internal/Subscriber.js.Subscriber.next @ Subscriber.js:54
push../node_modules/rxjs/_esm5/internal/operators/mergeMap.js.MergeMapSubscriber.notifyNext @ mergeMap.js:84
push../node_modules/rxjs/_esm5/internal/InnerSubscriber.js.InnerSubscriber._next @ InnerSubscriber.js:15
push../node_modules/rxjs/_esm5/internal/Subscriber.js.Subscriber.next @ Subscriber.js:54
push../node_modules/rxjs/_esm5/internal/operators/map.js.MapSubscriber._next @ map.js:41
push../node_modules/rxjs/_esm5/internal/Subscriber.js.Subscriber.next @ Subscriber.js:54
(anonymous) @ scalar.js:5
push../node_modules/rxjs/_esm5/internal/Observable.js.Observable._trySubscribe @ Observable.js:43
push../node_modules/rxjs/_esm5/internal/Observable.js.Observable.subscribe @ Observable.js:29
push../node_modules/rxjs/_esm5/internal/operators/map.js.MapOperator.call @ map.js:18
push../node_modules/rxjs/_esm5/internal/Observable.js.Observable.subscribe @ Observable.js:24
(anonymous) @ subscribeTo.js:21
subscribeToResult @ subscribeToResult.js:11
push../node_modules/rxjs/_esm5/internal/operators/mergeMap.js.MergeMapSubscriber._innerSub @ mergeMap.js:74
push../node_modules/rxjs/_esm5/internal/operators/mergeMap.js.MergeMapSubscriber._tryNext @ mergeMap.js:68
push../node_modules/rxjs/_esm5/internal/operators/mergeMap.js.MergeMapSubscriber._next @ mergeMap.js:51
push../node_modules/rxjs/_esm5/internal/Subscriber.js.Subscriber.next @ Subscriber.js:54
push../node_modules/rxjs/_esm5/internal/operators/mergeMap.js.MergeMapSubscriber.notifyNext @ mergeMap.js:84
push../node_modules/rxjs/_esm5/internal/InnerSubscriber.js.InnerSubscriber._next @ InnerSubscriber.js:15
push../node_modules/rxjs/_esm5/internal/Subscriber.js.Subscriber.next @ Subscriber.js:54
push../node_modules/rxjs/_esm5/internal/operators/map.js.MapSubscriber._next @ map.js:41
push../node_modules/rxjs/_esm5/internal/Subscriber.js.Subscriber.next @ Subscriber.js:54
(anonymous) @ scalar.js:5
push../node_modules/rxjs/_esm5/internal/Observable.js.Observable._trySubscribe @ Observable.js:43
push../node_modules/rxjs/_esm5/internal/Observable.js.Observable.subscribe @ Observable.js:29
push../node_modules/rxjs/_esm5/internal/operators/map.js.MapOperator.call @ map.js:18
push../node_modules/rxjs/_esm5/internal/Observable.js.Observable.subscribe @ Observable.js:24
(anonymous) @ subscribeTo.js:21
subscribeToResult @ subscribeToResult.js:11
push../node_modules/rxjs/_esm5/internal/operators/mergeMap.js.MergeMapSubscriber._innerSub @ mergeMap.js:74
push../node_modules/rxjs/_esm5/internal/operators/mergeMap.js.MergeMapSubscriber._tryNext @ mergeMap.js:68
push../node_modules/rxjs/_esm5/internal/operators/mergeMap.js.MergeMapSubscriber._next @ mergeMap.js:51
push../node_modules/rxjs/_esm5/internal/Subscriber.js.Subscriber.next @ Subscriber.js:54
push../node_modules/rxjs/_esm5/internal/Subscriber.js.Subscriber._next @ Subscriber.js:77
push../node_modules/rxjs/_esm5/internal/Subscriber.js.Subscriber.next @ Subscriber.js:54
push../node_modules/rxjs/_esm5/internal/operators/map.js.MapSubscriber._next @ map.js:41
push../node_modules/rxjs/_esm5/internal/Subscriber.js.Subscriber.next @ Subscriber.js:54
push../node_modules/rxjs/_esm5/internal/operators/map.js.MapSubscriber._next @ map.js:41
push../node_modules/rxjs/_esm5/internal/Subscriber.js.Subscriber.next @ Subscriber.js:54
push../node_modules/rxjs/_esm5/internal/operators/map.js.MapSubscriber._next @ map.js:41
push../node_modules/rxjs/_esm5/internal/Subscriber.js.Subscriber.next @ Subscriber.js:54
push../node_modules/rxjs/_esm5/internal/operators/tap.js.TapSubscriber._next @ tap.js:51
push../node_modules/rxjs/_esm5/internal/Subscriber.js.Subscriber.next @ Subscriber.js:54
push../node_modules/rxjs/_esm5/internal/operators/takeLast.js.TakeLastSubscriber._complete @ takeLast.js:57
push../node_modules/rxjs/_esm5/internal/Subscriber.js.Subscriber.complete @ Subscriber.js:66
push../node_modules/rxjs/_esm5/internal/operators/mergeMap.js.MergeMapSubscriber._complete @ mergeMap.js:79
push../node_modules/rxjs/_esm5/internal/Subscriber.js.Subscriber.complete @ Subscriber.js:66
(anonymous) @ scalar.js:6
push../node_modules/rxjs/_esm5/internal/Observable.js.Observable._trySubscribe @ Observable.js:43
push../node_modules/rxjs/_esm5/internal/Observable.js.Observable.subscribe @ Observable.js:29
Promise.then (async)
scheduleMicroTask @ zone.js:578
push../node_modules/zone.js/dist/zone.js.ZoneDelegate.scheduleTask @ zone.js:410
push../node_modules/zone.js/dist/zone.js.Zone.scheduleTask @ zone.js:232
push../node_modules/zone.js/dist/zone.js.Zone.scheduleMicroTask @ zone.js:252
scheduleResolveOrReject @ zone.js:862
ZoneAwarePromise.then @ zone.js:962
push../node_modules/@angular/core/fesm5/core.js.PlatformRef.bootstrapModule @ core.js:4345
./src/main.ts @ main.ts:11
__webpack_require__ @ bootstrap:76
0 @ main.ts:12
__webpack_require__ @ bootstrap:76
checkDeferredModules @ bootstrap:43
webpackJsonpCallback @ bootstrap:30
(anonymous) @ main.js:1
19:56:06.774 news-search.service.ts:48 ​NewsSearchService:: testHNAlgoliaSearch() -> data {hits: Array(20), nbHits: 18693, page: 0, nbPages: 50, hitsPerPage: 20, …}exhaustiveNbHits: truehits: Array(20)0: author: "olivercameron"comment_text: nullcreated_at: "2017-07-17T16:50:22.000Z"created_at_i: 1500310222num_comments: 260objectID: "14790251"parent_id: nullpoints: 794story_id: nullstory_text: nullstory_title: nullstory_url: nulltitle: "The Limitations of Deep Learning"url: "https://blog.keras.io/the-limitations-of-deep-learning.html"_highlightResult: author: {value: "olivercameron", matchLevel: "none", matchedWords: Array(0)}title: {value: "The Limitations of <em>Deep</em> <em>Learning</em>", matchLevel: "full", fullyHighlighted: false, matchedWords: Array(2)}url: {value: "https://blog.keras.io/the-limitations-of-<em>deep</em>-<em>learning</em>.html", matchLevel: "full", fullyHighlighted: false, matchedWords: Array(2)}__proto__: Object_tags: Array(3)0: "story"1: "author_olivercameron"2: "story_14790251"length: 3__proto__: Array(0)__proto__: Object1: {created_at: "2017-01-23T18:27:11.000Z", title: "Learn TensorFlow and deep learning, without a Ph.D.", url: "https://cloud.google.com/blog/big-data/2017/01/learn-tensorflow-and-deep-learning-without-a-phd", author: "ShanaM", points: 720, …}2: {created_at: "2017-07-30T19:35:42.000Z", title: "Deep Learning for Coders – Launching Deep Learning Part 2", url: "http://www.fast.ai/2017/07/28/deep-learning-part-two-launch/", author: "jph00", points: 716, …}3: {created_at: "2016-12-20T22:06:13.000Z", title: "Practical Deep Learning for Coders", url: "http://course.fast.ai", author: "jph00", points: 683, …}4: {created_at: "2016-01-22T07:19:41.000Z", title: "Google's Free Deep Learning Course", url: "https://udacity.com/course/deep-learning--ud730", author: "olivercameron", points: 614, …}5: {created_at: "2018-06-29T06:23:11.000Z", title: "The Matrix Calculus You Need for Deep Learning", url: "http://explained.ai/matrix-calculus/index.html", author: "prostoalex", points: 610, …}6: {created_at: "2016-04-07T10:24:22.000Z", title: "Free “Deep Learning” Textbook by Goodfellow and Bengio Now Finished", url: "https://www.facebook.com/ia3n.goodfellow/posts/10102223910143043", author: "mbrundle", points: 603, …}7: {created_at: "2017-01-25T18:35:26.000Z", title: "Deep learning algorithm diagnoses skin cancer as well as seasoned dermatologists", url: "http://news.stanford.edu/2017/01/25/artificial-intelligence-used-identify-skin-cancer/", author: "capocannoniere", points: 596, …}8: {created_at: "2018-01-10T15:03:42.000Z", title: "Turning web design mockups into code with Deep Learning", url: "https://blog.floydhub.com/turning-design-mockups-into-code-with-deep-learning/", author: "narenst", points: 580, …}9: {created_at: "2018-01-30T17:40:18.000Z", title: "Matrix Calculus for Deep Learning", url: "http://parrt.cs.usfca.edu/doc/matrix-calculus/index.html", author: "jph00", points: 573, …}10: {created_at: "2016-01-08T13:56:54.000Z", title: "Colorizing black and white photos with deep learning", url: "http://www.tinyclouds.org/colorize/", author: "max_", points: 554, …}11: {created_at: "2016-01-25T14:06:36.000Z", title: "Microsoft releases CNTK, its open source deep learning toolkit, on GitHub", url: "http://blogs.microsoft.com/next/2016/01/25/microso…-its-open-source-deep-learning-toolkit-on-github/", author: "fforflo", points: 546, …}12: {created_at: "2017-07-13T18:21:31.000Z", title: "Using Deep Learning to Create Professional-Level Photographs", url: "https://research.googleblog.com/2017/07/using-deep-learning-to-create.html", author: "wsxiaoys", points: 542, …}13: {created_at: "2018-02-12T15:06:34.000Z", title: "Lessons from Optics, the Other Deep Learning", url: "http://www.argmin.net/2018/01/25/optics/", author: "mxwsn", points: 531, …}14: {created_at: "2016-08-18T01:11:50.000Z", title: "Grokking Deep Learning", url: "https://iamtrask.github.io/2016/08/17/grokking-deep-learning/", author: "williamtrask", points: 530, …}15: {created_at: "2017-11-09T17:16:41.000Z", title: "Creating a Modern OCR Pipeline Using Computer Vision and Deep Learning", url: "https://blogs.dropbox.com/tech/2017/04/creating-a-…pipeline-using-computer-vision-and-deep-learning/", author: "wwarner", points: 460, …}16: {created_at: "2016-09-30T18:18:11.000Z", title: "Open Sourcing a Deep Learning Solution for Detecting NSFW Images", url: "https://yahooeng.tumblr.com/post/151148689421/open-sourcing-a-deep-learning-solution-for", author: "pumpikano", points: 453, …}17: {created_at: "2017-02-15T21:19:36.000Z", title: "The most cited deep learning papers", url: "https://github.com/terryum/awesome-deep-learning-papers", author: "sdomino", points: 452, …}18: {created_at: "2018-09-25T05:45:58.000Z", title: "Building your own deep learning computer is 10x cheaper than AWS", url: "https://medium.com/the-mission/why-building-your-o…ing-computer-is-10x-cheaper-than-aws-b1c91b55ce8c", author: "walterbell", points: 437, …}19: {created_at: "2018-05-07T19:15:16.000Z", title: "Cutting Edge Deep Learning for Coders, Part 2", url: "http://course.fast.ai/part2.html", author: "mlboss", points: 425, …}length: 20__proto__: Array(0)hitsPerPage: 20nbHits: 18693nbPages: 50page: 0params: "advancedSyntax=true&analytics=false&query=Deep+Learning"processingTimeMS: 21query: "Deep Learning"__proto__: constructor: ƒ Object()hasOwnProperty: ƒ hasOwnProperty()isPrototypeOf: ƒ isPrototypeOf()propertyIsEnumerable: ƒ propertyIsEnumerable()toLocaleString: ƒ toLocaleString()toString: ƒ ()valueOf: ƒ valueOf()__defineGetter__: ƒ __defineGetter__()__defineSetter__: ƒ __defineSetter__()__lookupGetter__: ƒ __lookupGetter__()__lookupSetter__: ƒ __lookupSetter__()get __proto__: ƒ __proto__()set __proto__: ƒ __proto__()arguments: (...)caller: (...)length: 1name: "set __proto__"__proto__: ƒ ()[[Scopes]]: Scopes[0]
19:56:06.801 zone.js:2969 XHR finished loading: GET "http://localhost:4200/sockjs-node/info?t=1540374966478".
scheduleTask @ zone.js:2969
push../node_modules/zone.js/dist/zone.js.ZoneDelegate.scheduleTask @ zone.js:407
push../node_modules/zone.js/dist/zone.js.Zone.scheduleTask @ zone.js:232
push../node_modules/zone.js/dist/zone.js.Zone.scheduleMacroTask @ zone.js:255
scheduleMacroTaskWithCurrentZone @ zone.js:1114
(anonymous) @ zone.js:3001
proto.(anonymous function) @ zone.js:1394
AbstractXHRObject._start @ sockjs.js:1605
(anonymous) @ sockjs.js:1494
push../node_modules/zone.js/dist/zone.js.ZoneDelegate.invokeTask @ zone.js:421
push../node_modules/zone.js/dist/zone.js.Zone.runTask @ zone.js:188
push../node_modules/zone.js/dist/zone.js.ZoneTask.invokeTask @ zone.js:496
ZoneTask.invoke @ zone.js:485
timer @ zone.js:2054
setTimeout (async)
scheduleTask @ zone.js:2075
push../node_modules/zone.js/dist/zone.js.ZoneDelegate.scheduleTask @ zone.js:407
push../node_modules/zone.js/dist/zone.js.Zone.scheduleTask @ zone.js:232
push../node_modules/zone.js/dist/zone.js.Zone.scheduleMacroTask @ zone.js:255
scheduleMacroTaskWithCurrentZone @ zone.js:1114
(anonymous) @ zone.js:2090
proto.(anonymous function) @ zone.js:1394
AbstractXHRObject @ sockjs.js:1493
XHRLocalObject @ sockjs.js:2914
InfoAjax @ sockjs.js:356
InfoReceiver._getReceiver @ sockjs.js:536
InfoReceiver.doXhr @ sockjs.js:556
(anonymous) @ sockjs.js:525
push../node_modules/zone.js/dist/zone.js.ZoneDelegate.invokeTask @ zone.js:421
push../node_modules/zone.js/dist/zone.js.Zone.runTask @ zone.js:188
push../node_modules/zone.js/dist/zone.js.ZoneTask.invokeTask @ zone.js:496
ZoneTask.invoke @ zone.js:485
timer @ zone.js:2054
setTimeout (async)
scheduleTask @ zone.js:2075
push../node_modules/zone.js/dist/zone.js.ZoneDelegate.scheduleTask @ zone.js:407
push../node_modules/zone.js/dist/zone.js.Zone.scheduleTask @ zone.js:232
push../node_modules/zone.js/dist/zone.js.Zone.scheduleMacroTask @ zone.js:255
scheduleMacroTaskWithCurrentZone @ zone.js:1114
(anonymous) @ zone.js:2090
proto.(anonymous function) @ zone.js:1394
InfoReceiver @ sockjs.js:524
SockJS @ sockjs.js:730
initSocket @ socket.js:9
(anonymous) @ client:212
./node_modules/webpack-dev-server/client/index.js?http://0.0.0.0:0 @ vendor.js:82051
__webpack_require__ @ bootstrap:76
0 @ main.ts:12
__webpack_require__ @ bootstrap:76
checkDeferredModules @ bootstrap:43
webpackJsonpCallback @ bootstrap:30
(anonymous) @ main.js:1
19:56:06.806 search-results:1 XHR finished loading: GET "https://hn.algolia.com/api/v1/search?query=Deep%20Learning".
